CommonLib/build/intermediates/manifest_merge_blame_file/release/manifest-merger-blame-release-report.txt
1<?xml version="1.0" encoding="utf-8"?>
2<manifest xmlns:android="http://schemas.android.com/apk/res/android"
3    package="com.enzo.commonlib"
4    android:versionCode="1"
5    android:versionName="1.0.0" >
6
7    <uses-sdk
8        android:minSdkVersion="21"
8-->src/main/AndroidManifest.xml
9        android:targetSdkVersion="29" />
9-->src/main/AndroidManifest.xml
10
11    <!-- 需要运行时注册的权限 -->
12    <!-- 用于进行网络定位 -->
13    <uses-permission android:name="android.permission.ACCESS_COARSE_LOCATION" />
13-->src/main/AndroidManifest.xml:6:5-81
13-->src/main/AndroidManifest.xml:6:22-78
14    <!-- 用于访问GPS定位 -->
15    <uses-permission android:name="android.permission.ACCESS_FINE_LOCATION" />
15-->src/main/AndroidManifest.xml:8:5-79
15-->src/main/AndroidManifest.xml:8:22-76
16    <!-- 用于提高GPS定位速度 -->
17    <uses-permission android:name="android.permission.ACCESS_LOCATION_EXTRA_COMMANDS" />
17-->src/main/AndroidManifest.xml:10:5-89
17-->src/main/AndroidManifest.xml:10:22-86
18    <uses-permission android:name="com.android.launcher.permission.READ_SETTINGS" />
18-->src/main/AndroidManifest.xml:12:5-85
18-->src/main/AndroidManifest.xml:12:22-82
19    <!-- 获取CUID，用于鉴权，请求签名等 -->
20    <uses-permission android:name="com.android.launcher.permission.WRITE_SETTINGS" />
20-->src/main/AndroidManifest.xml:14:5-86
20-->src/main/AndroidManifest.xml:14:22-83
21    <uses-permission android:name="android.permission.READ_PHONE_STATE" />
21-->src/main/AndroidManifest.xml:16:5-75
21-->src/main/AndroidManifest.xml:16:22-72
22    <uses-permission android:name="android.permission.SYSTEM_ALERT_WINDOW" />
22-->src/main/AndroidManifest.xml:17:5-78
22-->src/main/AndroidManifest.xml:17:22-75
23    <uses-permission android:name="android.permission.INTERNET" />
23-->src/main/AndroidManifest.xml:18:5-67
23-->src/main/AndroidManifest.xml:18:22-64
24    <uses-permission android:name="android.permission.READ_EXTERNAL_STORAGE" />
24-->src/main/AndroidManifest.xml:19:5-80
24-->src/main/AndroidManifest.xml:19:22-77
25    <uses-permission android:name="android.permission.WRITE_EXTERNAL_STORAGE" />
25-->src/main/AndroidManifest.xml:20:5-81
25-->src/main/AndroidManifest.xml:20:22-78
26    <uses-permission android:name="android.permission.CHANGE_NETWORK_STATE" />
26-->src/main/AndroidManifest.xml:21:5-79
26-->src/main/AndroidManifest.xml:21:22-76
27    <uses-permission android:name="android.permission.ACCESS_WIFI_STATE" />
27-->src/main/AndroidManifest.xml:22:5-76
27-->src/main/AndroidManifest.xml:22:22-73
28    <uses-permission android:name="android.permission.CHANGE_WIFI_STATE" />
28-->src/main/AndroidManifest.xml:23:5-76
28-->src/main/AndroidManifest.xml:23:22-73
29    <uses-permission android:name="android.permission.ACCESS_NETWORK_STATE" />
29-->src/main/AndroidManifest.xml:24:5-79
29-->src/main/AndroidManifest.xml:24:22-76
30    <uses-permission android:name="android.permission.CAMERA" />
30-->src/main/AndroidManifest.xml:25:5-65
30-->src/main/AndroidManifest.xml:25:22-62
31    <uses-permission android:name="android.permission.VIBRATE" />
31-->src/main/AndroidManifest.xml:26:5-66
31-->src/main/AndroidManifest.xml:26:22-63
32
33    <uses-feature android:name="android.hardware.camera" />
33-->src/main/AndroidManifest.xml:28:5-60
33-->src/main/AndroidManifest.xml:28:19-57
34    <uses-feature android:name="android.hardware.camera.autofocus" />
34-->src/main/AndroidManifest.xml:29:5-70
34-->src/main/AndroidManifest.xml:29:19-67
35
36    <application
36-->src/main/AndroidManifest.xml:32:5-70:19
37        android:allowBackup="true"
37-->src/main/AndroidManifest.xml:33:9-35
38        android:supportsRtl="true" >
38-->src/main/AndroidManifest.xml:34:9-35
39        <provider
39-->src/main/AndroidManifest.xml:36:9-44:20
40            android:name="androidx.core.content.FileProvider"
40-->src/main/AndroidManifest.xml:37:13-62
41            android:authorities="com.enzo.commonlib.fileprovider"
41-->src/main/AndroidManifest.xml:38:13-66
42            android:exported="false"
42-->src/main/AndroidManifest.xml:39:13-37
43            android:grantUriPermissions="true" >
43-->src/main/AndroidManifest.xml:40:13-47
44            <meta-data
44-->src/main/AndroidManifest.xml:41:13-43:54
45                android:name="android.support.FILE_PROVIDER_PATHS"
45-->src/main/AndroidManifest.xml:42:17-67
46                android:resource="@xml/file_paths" />
46-->src/main/AndroidManifest.xml:43:17-51
47        </provider>
48
49        <activity
49-->src/main/AndroidManifest.xml:46:9-48:52
50            android:name="com.enzo.commonlib.utils.album.activity.SingleSelectorActivity"
50-->src/main/AndroidManifest.xml:47:13-72
51            android:screenOrientation="portrait" />
51-->src/main/AndroidManifest.xml:48:13-49
52        <activity
52-->src/main/AndroidManifest.xml:49:9-51:52
53            android:name="com.enzo.commonlib.utils.album.activity.FoldersActivity"
53-->src/main/AndroidManifest.xml:50:13-65
54            android:screenOrientation="portrait" />
54-->src/main/AndroidManifest.xml:51:13-49
55        <activity
55-->src/main/AndroidManifest.xml:52:9-54:52
56            android:name="com.enzo.commonlib.utils.album.activity.MultipleSelectorActivity"
56-->src/main/AndroidManifest.xml:53:13-74
57            android:screenOrientation="portrait" />
57-->src/main/AndroidManifest.xml:54:13-49
58        <activity
58-->src/main/AndroidManifest.xml:55:9-57:52
59            android:name="com.enzo.commonlib.utils.album.activity.PreviewActivity"
59-->src/main/AndroidManifest.xml:56:13-65
60            android:screenOrientation="portrait" />
60-->src/main/AndroidManifest.xml:57:13-49
61        <activity
61-->src/main/AndroidManifest.xml:58:9-60:52
62            android:name="com.yalantis.ucrop.UCropActivity"
62-->src/main/AndroidManifest.xml:59:13-60
63            android:screenOrientation="portrait" />
63-->src/main/AndroidManifest.xml:60:13-49
64        <activity
64-->src/main/AndroidManifest.xml:61:9-63:52
65            android:name="com.enzo.commonlib.utils.preview.PicPreviewActivity"
65-->src/main/AndroidManifest.xml:62:13-61
66            android:screenOrientation="portrait" />
66-->src/main/AndroidManifest.xml:63:13-49
67        <activity
67-->src/main/AndroidManifest.xml:64:9-69:52
68            android:name="com.enzo.commonlib.utils.crashlib.ui.ShowExceptionActivity"
68-->src/main/AndroidManifest.xml:65:13-68
69            android:exported="false"
69-->src/main/AndroidManifest.xml:66:13-37
70            android:launchMode="singleInstance"
70-->src/main/AndroidManifest.xml:67:13-48
71            android:process=":exception"
71-->src/main/AndroidManifest.xml:68:13-41
72            android:screenOrientation="portrait" />
72-->src/main/AndroidManifest.xml:69:13-49
73    </application>
74
75</manifest>